Performing system checks...

System check identified no issues (0 silenced).
June 09, 2026 - 20:06:59
Django version 6.0.6, using settings 'config.settings.dev'
Starting ASGI/Daphne version 4.2.2 development server at http://127.0.0.1:8000/
Quit the server with CTRL-BREAK.
Performing system checks...

System check identified no issues (0 silenced).
June 09, 2026 - 20:29:54
Django version 6.0.6, using settings 'config.settings.dev'
Starting ASGI/Daphne version 4.2.2 development server at http://127.0.0.1:8000/
Quit the server with CTRL-BREAK.
Performing system checks...

System check identified no issues (0 silenced).
June 09, 2026 - 20:30:41
Django version 6.0.6, using settings 'config.settings.dev'
Starting ASGI/Daphne version 4.2.2 development server at http://127.0.0.1:8000/
Quit the server with CTRL-BREAK.
Performing system checks...

System check identified no issues (0 silenced).
June 09, 2026 - 20:30:58
Django version 6.0.6, using settings 'config.settings.dev'
Starting ASGI/Daphne version 4.2.2 development server at http://127.0.0.1:8000/
Quit the server with CTRL-BREAK.
Performing system checks...

System check identified no issues (0 silenced).
June 09, 2026 - 20:31:08
Django version 6.0.6, using settings 'config.settings.dev'
Starting ASGI/Daphne version 4.2.2 development server at http://127.0.0.1:8000/
Quit the server with CTRL-BREAK.
Performing system checks...

System check identified no issues (0 silenced).
June 09, 2026 - 20:56:12
Django version 6.0.6, using settings 'config.settings.dev'
Starting ASGI/Daphne version 4.2.2 development server at http://127.0.0.1:8000/
Quit the server with CTRL-BREAK.
Performing system checks...

System check identified no issues (0 silenced).
June 09, 2026 - 20:56:36
Django version 6.0.6, using settings 'config.settings.dev'
Starting ASGI/Daphne version 4.2.2 development server at http://127.0.0.1:8000/
Quit the server with CTRL-BREAK.
Performing system checks...

System check identified no issues (0 silenced).
June 09, 2026 - 20:57:05
Django version 6.0.6, using settings 'config.settings.dev'
Starting ASGI/Daphne version 4.2.2 development server at http://127.0.0.1:8000/
Quit the server with CTRL-BREAK.
Performing system checks...

System check identified no issues (0 silenced).
June 09, 2026 - 20:57:17
Django version 6.0.6, using settings 'config.settings.dev'
Starting ASGI/Daphne version 4.2.2 development server at http://127.0.0.1:8000/
Quit the server with CTRL-BREAK.
Performing system checks...

System check identified no issues (0 silenced).
June 09, 2026 - 20:57:30
Django version 6.0.6, using settings 'config.settings.dev'
Starting ASGI/Daphne version 4.2.2 development server at http://127.0.0.1:8000/
Quit the server with CTRL-BREAK.
Performing system checks...

System check identified no issues (0 silenced).
June 09, 2026 - 20:57:56
Django version 6.0.6, using settings 'config.settings.dev'
Starting ASGI/Daphne version 4.2.2 development server at http://127.0.0.1:8000/
Quit the server with CTRL-BREAK.
Performing system checks...

System check identified no issues (0 silenced).
June 09, 2026 - 20:58:07
Django version 6.0.6, using settings 'config.settings.dev'
Starting ASGI/Daphne version 4.2.2 development server at http://127.0.0.1:8000/
Quit the server with CTRL-BREAK.
Performing system checks...

System check identified no issues (0 silenced).
June 09, 2026 - 20:58:18
Django version 6.0.6, using settings 'config.settings.dev'
Starting ASGI/Daphne version 4.2.2 development server at http://127.0.0.1:8000/
Quit the server with CTRL-BREAK.
Performing system checks...

System check identified no issues (0 silenced).
June 09, 2026 - 20:58:41
Django version 6.0.6, using settings 'config.settings.dev'
Starting ASGI/Daphne version 4.2.2 development server at http://127.0.0.1:8000/
Quit the server with CTRL-BREAK.
Performing system checks...

System check identified no issues (0 silenced).
June 09, 2026 - 20:58:53
Django version 6.0.6, using settings 'config.settings.dev'
Starting ASGI/Daphne version 4.2.2 development server at http://127.0.0.1:8000/
Quit the server with CTRL-BREAK.
Performing system checks...

System check identified no issues (0 silenced).
June 09, 2026 - 20:59:06
Django version 6.0.6, using settings 'config.settings.dev'
Starting ASGI/Daphne version 4.2.2 development server at http://127.0.0.1:8000/
Quit the server with CTRL-BREAK.
Performing system checks...

System check identified no issues (0 silenced).
June 09, 2026 - 20:59:38
Django version 6.0.6, using settings 'config.settings.dev'
Starting ASGI/Daphne version 4.2.2 development server at http://127.0.0.1:8000/
Quit the server with CTRL-BREAK.
Performing system checks...

System check identified no issues (0 silenced).
June 09, 2026 - 20:59:47
Django version 6.0.6, using settings 'config.settings.dev'
Starting ASGI/Daphne version 4.2.2 development server at http://127.0.0.1:8000/
Quit the server with CTRL-BREAK.
Performing system checks...

System check identified no issues (0 silenced).
June 09, 2026 - 20:59:57
Django version 6.0.6, using settings 'config.settings.dev'
Starting ASGI/Daphne version 4.2.2 development server at http://127.0.0.1:8000/
Quit the server with CTRL-BREAK.
Performing system checks...

System check identified no issues (0 silenced).
June 09, 2026 - 21:00:10
Django version 6.0.6, using settings 'config.settings.dev'
Starting ASGI/Daphne version 4.2.2 development server at http://127.0.0.1:8000/
Quit the server with CTRL-BREAK.
Performing system checks...

System check identified no issues (0 silenced).
June 09, 2026 - 21:00:18
Django version 6.0.6, using settings 'config.settings.dev'
Starting ASGI/Daphne version 4.2.2 development server at http://127.0.0.1:8000/
Quit the server with CTRL-BREAK.
Performing system checks...

System check identified no issues (0 silenced).
June 09, 2026 - 21:00:27
Django version 6.0.6, using settings 'config.settings.dev'
Starting ASGI/Daphne version 4.2.2 development server at http://127.0.0.1:8000/
Quit the server with CTRL-BREAK.
Performing system checks...

System check identified no issues (0 silenced).
June 09, 2026 - 21:00:37
Django version 6.0.6, using settings 'config.settings.dev'
Starting ASGI/Daphne version 4.2.2 development server at http://127.0.0.1:8000/
Quit the server with CTRL-BREAK.
Performing system checks...

System check identified no issues (0 silenced).
June 09, 2026 - 21:00:49
Django version 6.0.6, using settings 'config.settings.dev'
Starting ASGI/Daphne version 4.2.2 development server at http://127.0.0.1:8000/
Quit the server with CTRL-BREAK.
Performing system checks...

System check identified no issues (0 silenced).
June 09, 2026 - 21:01:02
Django version 6.0.6, using settings 'config.settings.dev'
Starting ASGI/Daphne version 4.2.2 development server at http://127.0.0.1:8000/
Quit the server with CTRL-BREAK.
Performing system checks...

System check identified no issues (0 silenced).
June 09, 2026 - 21:01:21
Django version 6.0.6, using settings 'config.settings.dev'
Starting ASGI/Daphne version 4.2.2 development server at http://127.0.0.1:8000/
Quit the server with CTRL-BREAK.
Performing system checks...

System check identified no issues (0 silenced).
June 09, 2026 - 21:01:34
Django version 6.0.6, using settings 'config.settings.dev'
Starting ASGI/Daphne version 4.2.2 development server at http://127.0.0.1:8000/
Quit the server with CTRL-BREAK.
Performing system checks...

System check identified no issues (0 silenced).
June 09, 2026 - 21:01:55
Django version 6.0.6, using settings 'config.settings.dev'
Starting ASGI/Daphne version 4.2.2 development server at http://127.0.0.1:8000/
Quit the server with CTRL-BREAK.
Performing system checks...

System check identified no issues (0 silenced).
June 09, 2026 - 21:03:11
Django version 6.0.6, using settings 'config.settings.dev'
Starting ASGI/Daphne version 4.2.2 development server at http://127.0.0.1:8000/
Quit the server with CTRL-BREAK.
Performing system checks...

System check identified no issues (0 silenced).
June 09, 2026 - 21:03:17
Django version 6.0.6, using settings 'config.settings.dev'
Starting ASGI/Daphne version 4.2.2 development server at http://127.0.0.1:8000/
Quit the server with CTRL-BREAK.
Performing system checks...

System check identified no issues (0 silenced).
June 09, 2026 - 21:03:28
Django version 6.0.6, using settings 'config.settings.dev'
Starting ASGI/Daphne version 4.2.2 development server at http://127.0.0.1:8000/
Quit the server with CTRL-BREAK.
Performing system checks...

System check identified no issues (0 silenced).
June 09, 2026 - 21:03:34
Django version 6.0.6, using settings 'config.settings.dev'
Starting ASGI/Daphne version 4.2.2 development server at http://127.0.0.1:8000/
Quit the server with CTRL-BREAK.
Performing system checks...

System check identified no issues (0 silenced).
June 09, 2026 - 21:03:42
Django version 6.0.6, using settings 'config.settings.dev'
Starting ASGI/Daphne version 4.2.2 development server at http://127.0.0.1:8000/
Quit the server with CTRL-BREAK.
Performing system checks...

System check identified no issues (0 silenced).
June 09, 2026 - 21:03:49
Django version 6.0.6, using settings 'config.settings.dev'
Starting ASGI/Daphne version 4.2.2 development server at http://127.0.0.1:8000/
Quit the server with CTRL-BREAK.
Performing system checks...

System check identified no issues (0 silenced).
June 09, 2026 - 21:03:58
Django version 6.0.6, using settings 'config.settings.dev'
Starting ASGI/Daphne version 4.2.2 development server at http://127.0.0.1:8000/
Quit the server with CTRL-BREAK.
Performing system checks...

System check identified no issues (0 silenced).
June 09, 2026 - 21:04:05
Django version 6.0.6, using settings 'config.settings.dev'
Starting ASGI/Daphne version 4.2.2 development server at http://127.0.0.1:8000/
Quit the server with CTRL-BREAK.
Performing system checks...

System check identified no issues (0 silenced).
June 09, 2026 - 21:04:12
Django version 6.0.6, using settings 'config.settings.dev'
Starting ASGI/Daphne version 4.2.2 development server at http://127.0.0.1:8000/
Quit the server with CTRL-BREAK.
Performing system checks...

System check identified no issues (0 silenced).
June 09, 2026 - 21:04:20
Django version 6.0.6, using settings 'config.settings.dev'
Starting ASGI/Daphne version 4.2.2 development server at http://127.0.0.1:8000/
Quit the server with CTRL-BREAK.
Performing system checks...

System check identified no issues (0 silenced).
June 09, 2026 - 21:04:26
Django version 6.0.6, using settings 'config.settings.dev'
Starting ASGI/Daphne version 4.2.2 development server at http://127.0.0.1:8000/
Quit the server with CTRL-BREAK.
Performing system checks...

System check identified no issues (0 silenced).
June 09, 2026 - 21:04:32
Django version 6.0.6, using settings 'config.settings.dev'
Starting ASGI/Daphne version 4.2.2 development server at http://127.0.0.1:8000/
Quit the server with CTRL-BREAK.
Performing system checks...

System check identified no issues (0 silenced).
June 09, 2026 - 21:04:38
Django version 6.0.6, using settings 'config.settings.dev'
Starting ASGI/Daphne version 4.2.2 development server at http://127.0.0.1:8000/
Quit the server with CTRL-BREAK.
Performing system checks...

System check identified no issues (0 silenced).
June 09, 2026 - 21:04:45
Django version 6.0.6, using settings 'config.settings.dev'
Starting ASGI/Daphne version 4.2.2 development server at http://127.0.0.1:8000/
Quit the server with CTRL-BREAK.
Performing system checks...

System check identified no issues (0 silenced).
June 09, 2026 - 21:04:53
Django version 6.0.6, using settings 'config.settings.dev'
Starting ASGI/Daphne version 4.2.2 development server at http://127.0.0.1:8000/
Quit the server with CTRL-BREAK.
Performing system checks...

System check identified no issues (0 silenced).
June 09, 2026 - 21:04:59
Django version 6.0.6, using settings 'config.settings.dev'
Starting ASGI/Daphne version 4.2.2 development server at http://127.0.0.1:8000/
Quit the server with CTRL-BREAK.
Performing system checks...

System check identified no issues (0 silenced).
June 09, 2026 - 21:05:05
Django version 6.0.6, using settings 'config.settings.dev'
Starting ASGI/Daphne version 4.2.2 development server at http://127.0.0.1:8000/
Quit the server with CTRL-BREAK.
Performing system checks...

System check identified no issues (0 silenced).
June 09, 2026 - 21:05:11
Django version 6.0.6, using settings 'config.settings.dev'
Starting ASGI/Daphne version 4.2.2 development server at http://127.0.0.1:8000/
Quit the server with CTRL-BREAK.
